0 info it worked if it ends with ok
1 verbose cli [ 'C:\\Program Files\\nodejs\\\\node.exe',
1 verbose cli   'C:\\Program Files\\nodejs\\node_modules\\npm\\bin\\npm-cli.js',
1 verbose cli   'publish' ]
2 info using npm@1.3.24
3 info using node@v0.10.25
4 verbose node symlink C:\Program Files\nodejs\\node.exe
5 verbose publish [ '.' ]
6 verbose cache add [ '.', null ]
7 verbose cache add name=undefined spec="." args=[".",null]
8 verbose parsed url { protocol: null,
8 verbose parsed url   slashes: null,
8 verbose parsed url   auth: null,
8 verbose parsed url   host: null,
8 verbose parsed url   port: null,
8 verbose parsed url   hostname: null,
8 verbose parsed url   hash: null,
8 verbose parsed url   search: null,
8 verbose parsed url   query: null,
8 verbose parsed url   pathname: '.',
8 verbose parsed url   path: '.',
8 verbose parsed url   href: '.' }
9 silly lockFile 3a52ce78- .
10 verbose lock . C:\Users\rootStar\AppData\Roaming\npm-cache\3a52ce78-.lock
11 verbose tar pack [ 'C:\\Users\\rootStar\\AppData\\Local\\Temp\\npm-5460-DEOGHH4y\\1392608578905-0.4173162109218538\\tmp.tgz',
11 verbose tar pack   '.' ]
12 verbose tarball C:\Users\rootStar\AppData\Local\Temp\npm-5460-DEOGHH4y\1392608578905-0.4173162109218538\tmp.tgz
13 verbose folder .
14 info prepublish nunjs@0.0.2
15 silly lockFile 1f1177db-tar tar://.
16 verbose lock tar://. C:\Users\rootStar\AppData\Roaming\npm-cache\1f1177db-tar.lock
17 silly lockFile ad35a86f-78905-0-4173162109218538-tmp-tgz tar://C:\Users\rootStar\AppData\Local\Temp\npm-5460-DEOGHH4y\1392608578905-0.4173162109218538\tmp.tgz
18 verbose lock tar://C:\Users\rootStar\AppData\Local\Temp\npm-5460-DEOGHH4y\1392608578905-0.4173162109218538\tmp.tgz C:\Users\rootStar\AppData\Roaming\npm-cache\ad35a86f-78905-0-4173162109218538-tmp-tgz.lock
19 silly lockFile 1f1177db-tar tar://.
20 silly lockFile 1f1177db-tar tar://.
21 silly lockFile ad35a86f-78905-0-4173162109218538-tmp-tgz tar://C:\Users\rootStar\AppData\Local\Temp\npm-5460-DEOGHH4y\1392608578905-0.4173162109218538\tmp.tgz
22 silly lockFile ad35a86f-78905-0-4173162109218538-tmp-tgz tar://C:\Users\rootStar\AppData\Local\Temp\npm-5460-DEOGHH4y\1392608578905-0.4173162109218538\tmp.tgz
23 verbose tar unpack C:\Users\rootStar\AppData\Local\Temp\npm-5460-DEOGHH4y\1392608578905-0.4173162109218538\tmp.tgz
24 silly lockFile be6462e7-78905-0-4173162109218538-package tar://C:\Users\rootStar\AppData\Local\Temp\npm-5460-DEOGHH4y\1392608578905-0.4173162109218538\package
25 verbose lock tar://C:\Users\rootStar\AppData\Local\Temp\npm-5460-DEOGHH4y\1392608578905-0.4173162109218538\package C:\Users\rootStar\AppData\Roaming\npm-cache\be6462e7-78905-0-4173162109218538-package.lock
26 silly lockFile ad35a86f-78905-0-4173162109218538-tmp-tgz tar://C:\Users\rootStar\AppData\Local\Temp\npm-5460-DEOGHH4y\1392608578905-0.4173162109218538\tmp.tgz
27 verbose lock tar://C:\Users\rootStar\AppData\Local\Temp\npm-5460-DEOGHH4y\1392608578905-0.4173162109218538\tmp.tgz C:\Users\rootStar\AppData\Roaming\npm-cache\ad35a86f-78905-0-4173162109218538-tmp-tgz.lock
28 silly gunzTarPerm modes [ '755', '644' ]
29 silly gunzTarPerm extractEntry package.json
30 silly gunzTarPerm modified mode [ 'package.json', 438, 420 ]
31 silly gunzTarPerm extractEntry README.md
32 silly gunzTarPerm modified mode [ 'README.md', 438, 420 ]
33 silly gunzTarPerm extractEntry index.js
34 silly gunzTarPerm modified mode [ 'index.js', 438, 420 ]
35 silly gunzTarPerm extractEntry CHANGELOG.md
36 silly gunzTarPerm modified mode [ 'CHANGELOG.md', 438, 420 ]
37 silly lockFile be6462e7-78905-0-4173162109218538-package tar://C:\Users\rootStar\AppData\Local\Temp\npm-5460-DEOGHH4y\1392608578905-0.4173162109218538\package
38 silly lockFile be6462e7-78905-0-4173162109218538-package tar://C:\Users\rootStar\AppData\Local\Temp\npm-5460-DEOGHH4y\1392608578905-0.4173162109218538\package
39 silly lockFile ad35a86f-78905-0-4173162109218538-tmp-tgz tar://C:\Users\rootStar\AppData\Local\Temp\npm-5460-DEOGHH4y\1392608578905-0.4173162109218538\tmp.tgz
40 silly lockFile ad35a86f-78905-0-4173162109218538-tmp-tgz tar://C:\Users\rootStar\AppData\Local\Temp\npm-5460-DEOGHH4y\1392608578905-0.4173162109218538\tmp.tgz
41 verbose tar pack [ 'C:\\Users\\rootStar\\AppData\\Roaming\\npm-cache\\nunjs\\0.0.2\\package.tgz',
41 verbose tar pack   'C:\\Users\\rootStar\\AppData\\Local\\Temp\\npm-5460-DEOGHH4y\\1392608578905-0.4173162109218538\\package' ]
42 verbose tarball C:\Users\rootStar\AppData\Roaming\npm-cache\nunjs\0.0.2\package.tgz
43 verbose folder C:\Users\rootStar\AppData\Local\Temp\npm-5460-DEOGHH4y\1392608578905-0.4173162109218538\package
44 silly lockFile be6462e7-78905-0-4173162109218538-package tar://C:\Users\rootStar\AppData\Local\Temp\npm-5460-DEOGHH4y\1392608578905-0.4173162109218538\package
45 verbose lock tar://C:\Users\rootStar\AppData\Local\Temp\npm-5460-DEOGHH4y\1392608578905-0.4173162109218538\package C:\Users\rootStar\AppData\Roaming\npm-cache\be6462e7-78905-0-4173162109218538-package.lock
46 silly lockFile 537abfea-pm-cache-nunjs-0-0-2-package-tgz tar://C:\Users\rootStar\AppData\Roaming\npm-cache\nunjs\0.0.2\package.tgz
47 verbose lock tar://C:\Users\rootStar\AppData\Roaming\npm-cache\nunjs\0.0.2\package.tgz C:\Users\rootStar\AppData\Roaming\npm-cache\537abfea-pm-cache-nunjs-0-0-2-package-tgz.lock
48 silly lockFile be6462e7-78905-0-4173162109218538-package tar://C:\Users\rootStar\AppData\Local\Temp\npm-5460-DEOGHH4y\1392608578905-0.4173162109218538\package
49 silly lockFile be6462e7-78905-0-4173162109218538-package tar://C:\Users\rootStar\AppData\Local\Temp\npm-5460-DEOGHH4y\1392608578905-0.4173162109218538\package
50 silly lockFile 537abfea-pm-cache-nunjs-0-0-2-package-tgz tar://C:\Users\rootStar\AppData\Roaming\npm-cache\nunjs\0.0.2\package.tgz
51 silly lockFile 537abfea-pm-cache-nunjs-0-0-2-package-tgz tar://C:\Users\rootStar\AppData\Roaming\npm-cache\nunjs\0.0.2\package.tgz
52 silly lockFile a1d34340-ng-npm-cache-nunjs-0-0-2-package C:\Users\rootStar\AppData\Roaming\npm-cache\nunjs\0.0.2\package
53 verbose lock C:\Users\rootStar\AppData\Roaming\npm-cache\nunjs\0.0.2\package C:\Users\rootStar\AppData\Roaming\npm-cache\a1d34340-ng-npm-cache-nunjs-0-0-2-package.lock
54 silly lockFile a1d34340-ng-npm-cache-nunjs-0-0-2-package C:\Users\rootStar\AppData\Roaming\npm-cache\nunjs\0.0.2\package
55 silly lockFile a1d34340-ng-npm-cache-nunjs-0-0-2-package C:\Users\rootStar\AppData\Roaming\npm-cache\nunjs\0.0.2\package
56 verbose tar unpack C:\Users\rootStar\AppData\Roaming\npm-cache\nunjs\0.0.2\package.tgz
57 silly lockFile 15410d14-ng-npm-cache-nunjs-0-0-2-package tar://C:\Users\rootStar\AppData\Roaming\npm-cache\nunjs\0.0.2\package
58 verbose lock tar://C:\Users\rootStar\AppData\Roaming\npm-cache\nunjs\0.0.2\package C:\Users\rootStar\AppData\Roaming\npm-cache\15410d14-ng-npm-cache-nunjs-0-0-2-package.lock
59 silly lockFile 537abfea-pm-cache-nunjs-0-0-2-package-tgz tar://C:\Users\rootStar\AppData\Roaming\npm-cache\nunjs\0.0.2\package.tgz
60 verbose lock tar://C:\Users\rootStar\AppData\Roaming\npm-cache\nunjs\0.0.2\package.tgz C:\Users\rootStar\AppData\Roaming\npm-cache\537abfea-pm-cache-nunjs-0-0-2-package-tgz.lock
61 silly gunzTarPerm modes [ '755', '644' ]
62 silly gunzTarPerm extractEntry package.json
63 silly gunzTarPerm modified mode [ 'package.json', 438, 420 ]
64 silly gunzTarPerm extractEntry README.md
65 silly gunzTarPerm modified mode [ 'README.md', 438, 420 ]
66 silly gunzTarPerm extractEntry index.js
67 silly gunzTarPerm modified mode [ 'index.js', 438, 420 ]
68 silly gunzTarPerm extractEntry CHANGELOG.md
69 silly gunzTarPerm modified mode [ 'CHANGELOG.md', 438, 420 ]
70 silly lockFile 15410d14-ng-npm-cache-nunjs-0-0-2-package tar://C:\Users\rootStar\AppData\Roaming\npm-cache\nunjs\0.0.2\package
71 silly lockFile 15410d14-ng-npm-cache-nunjs-0-0-2-package tar://C:\Users\rootStar\AppData\Roaming\npm-cache\nunjs\0.0.2\package
72 silly lockFile 537abfea-pm-cache-nunjs-0-0-2-package-tgz tar://C:\Users\rootStar\AppData\Roaming\npm-cache\nunjs\0.0.2\package.tgz
73 silly lockFile 537abfea-pm-cache-nunjs-0-0-2-package-tgz tar://C:\Users\rootStar\AppData\Roaming\npm-cache\nunjs\0.0.2\package.tgz
74 verbose chmod C:\Users\rootStar\AppData\Roaming\npm-cache\nunjs\0.0.2\package.tgz 644
75 silly chown skipping for windows C:\Users\rootStar\AppData\Roaming\npm-cache\nunjs\0.0.2\package.tgz
76 silly lockFile 3a52ce78- .
77 silly lockFile 3a52ce78- .
78 silly publish { name: 'nunjs',
78 silly publish   version: '0.0.2',
78 silly publish   description: 'Nunjucks wrapper, adds Jinja2 engine for Sails/Express in a simplest way.',
78 silly publish   main: 'index.js',
78 silly publish   repository:
78 silly publish    { type: 'git',
78 silly publish      url: 'http://github.com/rootStar-lock/nunjs.git' },
78 silly publish   homepage: 'https://github.com/rootStar-lock/nunjs',
78 silly publish   scripts: {},
78 silly publish   keywords: [ 'express', 'sails', 'nunjucks' ],
78 silly publish   author: { name: 'rootStar' },
78 silly publish   license: 'BSD-2-Clause',
78 silly publish   dependencies: { nunjucks: '~0.1.10' },
78 silly publish   readme: '# nunjs\r\n\r\nNunjucks wrapper, adds Jinja2 engine for __Sails/Express__ in a simplest way.\r\n\r\n[Sails](http://sailsjs.org/) is great! But it\'s absolutly unconfigurable. There are only two template engines to choose - `ejs` and `jade`. I hate them both. Jinja is simplier and better for me. I\'m sure you are lazy like me and prefer to use powerful modules ready-to-use, without _voodoo_ practices.\r\n\r\n## Important!\r\n_This module is a patch for sails.js version 0.9.4 and earlier. For newest versions, you can fully use [consolidate](https://github.com/visionmedia/consolidate.js)d nunjucks module_\r\n\r\n## Install\r\n\r\n#### Basic\r\n\t$ npm install nunjs \r\n\t\r\n#### From GitHub\r\n\t$ npm install git://github.com/rootStar-lock/nunjs.git\r\n\r\n## Usage\r\nIt is simple, very simple. Just install and config your app.\r\n\r\n### Express\r\n\r\nAdd/change your __app.js__ file like:\r\n\r\n```js\r\napp.set(\'views\', __dirname + \'/views\');\r\napp.set(\'view engine\', \'nunjs\');\r\napp.use(express.favicon());\r\n```\r\n\r\n### Sails\r\n\r\nChange your `engine` option in __config/views.js__ to `nunjs`\r\n\r\n```js\r\nmodule.exports.views = {\r\n\tengine: \'nunjs\',\r\n\tlayout: true //Ingnored. Use extends command http://jinja.pocoo.org/docs/templates/#template-inheritance\r\n}\r\n```\r\n\r\n## Next ?\r\n\r\nAfter that add your `.nunjs` templates in your views folder.\r\n\r\n#### Additional links\r\n-\t[nunjucks](http://nunjucks.jlongster.com/)\r\n- [Jinja 2](http://jinja.pocoo.org/)\r\n\r\n#### Contacts\r\n\r\n- Email: deneb808@gmail.com\r\n\r\n\r\n_My own luna park with nuns and chess :) Enjoy_\r\n\r\n',
78 silly publish   readmeFilename: 'README.md',
78 silly publish   bugs: { url: 'https://github.com/rootStar-lock/nunjs/issues' },
78 silly publish   _id: 'nunjs@0.0.2',
78 silly publish   dist: { shasum: '35187ed376a2d3a0d1ad1cc1f019c9aa9416559f' },
78 silly publish   _from: '.' }
79 verbose url raw nunjs
80 verbose url resolving [ 'https://registry.npmjs.org/', './nunjs' ]
81 verbose url resolved https://registry.npmjs.org/nunjs
82 info trying registry request attempt 1 at 07:42:59
83 http PUT https://registry.npmjs.org/nunjs
84 http 409 https://registry.npmjs.org/nunjs
85 verbose url raw nunjs
86 verbose url resolving [ 'https://registry.npmjs.org/', './nunjs' ]
87 verbose url resolved https://registry.npmjs.org/nunjs
88 info trying registry request attempt 1 at 07:43:00
89 http GET https://registry.npmjs.org/nunjs
90 http 200 https://registry.npmjs.org/nunjs
91 error publish fail Cannot publish over existing version.
91 error publish fail Update the 'version' field in package.json and try again.
91 error publish fail
91 error publish fail If the previous version was published in error, see:
91 error publish fail     npm help unpublish
91 error publish fail
91 error publish fail To automatically increment version numbers, see:
91 error publish fail     npm help version
92 error System Windows_NT 6.1.7601
93 error command "C:\\Program Files\\nodejs\\\\node.exe" "C:\\Program Files\\nodejs\\node_modules\\npm\\bin\\npm-cli.js" "publish"
94 error cwd C:\Users\rootStar\Dropbox\github\nunjs
95 error node -v v0.10.25
96 error npm -v 1.3.24
97 error code EPUBLISHCONFLICT
98 verbose exit [ 1, true ]
